<?xml version="1.0" encoding="UTF-8"?>
<!-- Generated by org.testng.reporters.JUnitXMLReporter -->
<testsuite ignored="0" hostname="ButchPC" failures="0" tests="5" name="TAMUT Tests" time="251.872" errors="0" timestamp="2025-11-20T21:07:16 CST">
  <testcase classname="tests.TAMUTTests" name="testCase1_VisitUsViaAboutMenu" time="97.95"/>
  <testcase classname="tests.TAMUTTests" name="testCase2_SearchComputerScience" time="33.795"/>
  <testcase classname="tests.TAMUTTests" name="testCase3_CSFromAcademics" time="84.181"/>
  <testcase classname="tests.TAMUTTests" name="testCase4_SearchWomen" time="8.659"/>
  <testcase classname="tests.TAMUTTests" name="testCase5_WomenViaAlumniMenu" time="17.309"/>
</testsuite> <!-- TAMUT Tests -->
