<?xml version="1.0" encoding="UTF-8"?>
<!-- Generated by org.testng.reporters.JUnitXMLReporter -->
<testsuite ignored="0" hostname="ButchPC" failures="0" tests="5" name="TAMUT Tests" time="108.714" errors="0" timestamp="2025-11-23T19:34:33 CST">
  <testcase classname="tests.TAMUTTests" name="testCase1_VisitUsViaAboutMenu" time="10.586"/>
  <testcase classname="tests.TAMUTTests" name="testCase2_SearchComputerScience" time="27.204"/>
  <testcase classname="tests.TAMUTTests" name="testCase3_CSFromAcademics" time="31.936"/>
  <testcase classname="tests.TAMUTTests" name="testCase4_SearchWomen" time="11.864"/>
  <testcase classname="tests.TAMUTTests" name="testCase5_WomenViaAlumniSidebar" time="19.805"/>
</testsuite> <!-- TAMUT Tests -->
