<?xml version="1.0" encoding="UTF-8"?>
<!-- Generated by org.testng.reporters.JUnitReportReporter -->
<testsuite hostname="ButchPC" failures="0" tests="5" name="tests.TAMUTTests" time="251.821" errors="0" timestamp="2025-11-20T21:07:16 CST" skipped="0">
  <testcase classname="tests.TAMUTTests" name="testCase1_VisitUsViaAboutMenu" time="100.603"/>
  <testcase classname="tests.TAMUTTests" name="testCase2_SearchComputerScience" time="35.629"/>
  <testcase classname="tests.TAMUTTests" name="testCase3_CSFromAcademics" time="85.996"/>
  <testcase classname="tests.TAMUTTests" name="testCase4_SearchWomen" time="10.467"/>
  <testcase classname="tests.TAMUTTests" name="testCase5_WomenViaAlumniMenu" time="19.126"/>
</testsuite> <!-- tests.TAMUTTests -->
