<?xml version="1.0" encoding="UTF-8"?>
<!-- Generated by org.testng.reporters.JUnitReportReporter -->
<testsuite hostname="ButchPC" failures="0" tests="5" name="tests.TAMUTTests" time="108.670" errors="0" timestamp="2025-11-23T19:34:33 CST" skipped="0">
  <testcase classname="tests.TAMUTTests" name="testCase1_VisitUsViaAboutMenu" time="12.658"/>
  <testcase classname="tests.TAMUTTests" name="testCase2_SearchComputerScience" time="28.538"/>
  <testcase classname="tests.TAMUTTests" name="testCase3_CSFromAcademics" time="33.244"/>
  <testcase classname="tests.TAMUTTests" name="testCase4_SearchWomen" time="13.150"/>
  <testcase classname="tests.TAMUTTests" name="testCase5_WomenViaAlumniSidebar" time="21.080"/>
</testsuite> <!-- tests.TAMUTTests -->
