<?xml version="1.0" encoding="UTF-8"?>
<testng-results ignored="0" total="5" passed="5" failed="0" skipped="0">
  <reporter-output>
  </reporter-output>
  <suite started-at="2025-11-23T19:32:45 CST" name="TAMUT Automation Suite" finished-at="2025-11-23T19:34:33 CST" duration-ms="108714">
    <groups>
    </groups>
    <test started-at="2025-11-23T19:32:45 CST" name="TAMUT Tests" finished-at="2025-11-23T19:34:33 CST" duration-ms="108714">
      <class name="tests.TAMUTTests">
        <test-method is-config="true" signature="setUp()[pri:0, instance:tests.TAMUTTests@71d44a3]" started-at="2025-11-23T19:32:45 CST" name="setUp" finished-at="2025-11-23T19:32:46 CST" duration-ms="1413" status="PASS">
          <reporter-output>
          </reporter-output>
        </test-method> <!-- setUp -->
        <test-method signature="testCase1_VisitUsViaAboutMenu()[pri:1, instance:tests.TAMUTTests@71d44a3]" started-at="2025-11-23T19:32:46 CST" name="testCase1_VisitUsViaAboutMenu" finished-at="2025-11-23T19:32:57 CST" duration-ms="10586" status="PASS">
          <reporter-output>
          </reporter-output>
        </test-method> <!-- testCase1_VisitUsViaAboutMenu -->
        <test-method is-config="true" signature="tearDown()[pri:0, instance:tests.TAMUTTests@71d44a3]" started-at="2025-11-23T19:32:57 CST" name="tearDown" finished-at="2025-11-23T19:32:57 CST" duration-ms="669" status="PASS">
          <reporter-output>
          </reporter-output>
        </test-method> <!-- tearDown -->
        <test-method is-config="true" signature="setUp()[pri:0, instance:tests.TAMUTTests@71d44a3]" started-at="2025-11-23T19:32:57 CST" name="setUp" finished-at="2025-11-23T19:32:58 CST" duration-ms="619" status="PASS">
          <reporter-output>
          </reporter-output>
        </test-method> <!-- setUp -->
        <test-method signature="testCase2_SearchComputerScience()[pri:2, instance:tests.TAMUTTests@71d44a3]" started-at="2025-11-23T19:32:58 CST" name="testCase2_SearchComputerScience" finished-at="2025-11-23T19:33:25 CST" duration-ms="27204" status="PASS">
          <reporter-output>
          </reporter-output>
        </test-method> <!-- testCase2_SearchComputerScience -->
        <test-method is-config="true" signature="tearDown()[pri:0, instance:tests.TAMUTTests@71d44a3]" started-at="2025-11-23T19:33:25 CST" name="tearDown" finished-at="2025-11-23T19:33:26 CST" duration-ms="702" status="PASS">
          <reporter-output>
          </reporter-output>
        </test-method> <!-- tearDown -->
        <test-method is-config="true" signature="setUp()[pri:0, instance:tests.TAMUTTests@71d44a3]" started-at="2025-11-23T19:33:26 CST" name="setUp" finished-at="2025-11-23T19:33:26 CST" duration-ms="628" status="PASS">
          <reporter-output>
          </reporter-output>
        </test-method> <!-- setUp -->
        <test-method signature="testCase3_CSFromAcademics()[pri:3, instance:tests.TAMUTTests@71d44a3]" started-at="2025-11-23T19:33:26 CST" name="testCase3_CSFromAcademics" finished-at="2025-11-23T19:33:58 CST" duration-ms="31936" status="PASS">
          <reporter-output>
          </reporter-output>
        </test-method> <!-- testCase3_CSFromAcademics -->
        <test-method is-config="true" signature="tearDown()[pri:0, instance:tests.TAMUTTests@71d44a3]" started-at="2025-11-23T19:33:58 CST" name="tearDown" finished-at="2025-11-23T19:33:59 CST" duration-ms="715" status="PASS">
          <reporter-output>
          </reporter-output>
        </test-method> <!-- tearDown -->
        <test-method is-config="true" signature="setUp()[pri:0, instance:tests.TAMUTTests@71d44a3]" started-at="2025-11-23T19:33:59 CST" name="setUp" finished-at="2025-11-23T19:34:00 CST" duration-ms="606" status="PASS">
          <reporter-output>
          </reporter-output>
        </test-method> <!-- setUp -->
        <test-method signature="testCase4_SearchWomen()[pri:4, instance:tests.TAMUTTests@71d44a3]" started-at="2025-11-23T19:34:00 CST" name="testCase4_SearchWomen" finished-at="2025-11-23T19:34:12 CST" duration-ms="11864" status="PASS">
          <reporter-output>
          </reporter-output>
        </test-method> <!-- testCase4_SearchWomen -->
        <test-method is-config="true" signature="tearDown()[pri:0, instance:tests.TAMUTTests@71d44a3]" started-at="2025-11-23T19:34:12 CST" name="tearDown" finished-at="2025-11-23T19:34:12 CST" duration-ms="659" status="PASS">
          <reporter-output>
          </reporter-output>
        </test-method> <!-- tearDown -->
        <test-method is-config="true" signature="setUp()[pri:0, instance:tests.TAMUTTests@71d44a3]" started-at="2025-11-23T19:34:12 CST" name="setUp" finished-at="2025-11-23T19:34:13 CST" duration-ms="606" status="PASS">
          <reporter-output>
          </reporter-output>
        </test-method> <!-- setUp -->
        <test-method signature="testCase5_WomenViaAlumniSidebar()[pri:5, instance:tests.TAMUTTests@71d44a3]" started-at="2025-11-23T19:34:13 CST" name="testCase5_WomenViaAlumniSidebar" finished-at="2025-11-23T19:34:33 CST" duration-ms="19805" status="PASS">
          <reporter-output>
          </reporter-output>
        </test-method> <!-- testCase5_WomenViaAlumniSidebar -->
        <test-method is-config="true" signature="tearDown()[pri:0, instance:tests.TAMUTTests@71d44a3]" started-at="2025-11-23T19:34:33 CST" name="tearDown" finished-at="2025-11-23T19:34:33 CST" duration-ms="658" status="PASS">
          <reporter-output>
          </reporter-output>
        </test-method> <!-- tearDown -->
      </class> <!-- tests.TAMUTTests -->
    </test> <!-- TAMUT Tests -->
  </suite> <!-- TAMUT Automation Suite -->
</testng-results>
